<?xml version="1.0" encoding="UTF-8"?>
<coverage generated="1732655963520" clover="3.2.0">
  <project timestamp="1732655963520" name="All files">
    <metrics statements="76" coveredstatements="8" conditionals="13" coveredconditionals="2" methods="18" coveredmethods="5" elements="107" coveredelements="15" complexity="0" loc="76" ncloc="76" packages="5" files="7" classes="7"/>
    <package name="src">
      <metrics statements="9" coveredstatements="0" conditionals="1" coveredconditionals="0" methods="0" coveredmethods="0"/>
      <file name="config.ts" path="X:\dev\rail-sim-connect\connectors\simrail-multiplayer\src\config.ts">
        <metrics statements="9" coveredstatements="0" conditionals="1" coveredconditionals="0" methods="0" coveredmethods="0"/>
        <line num="1" count="0" type="stmt"/>
        <line num="2" count="0" type="stmt"/>
        <line num="5" count="0" type="stmt"/>
        <line num="8" count="0" type="stmt"/>
        <line num="20" count="0" type="stmt"/>
        <line num="22" count="0" type="cond" truecount="0" falsecount="1"/>
        <line num="23" count="0" type="stmt"/>
        <line num="24" count="0" type="stmt"/>
        <line num="28" count="0" type="stmt"/>
      </file>
    </package>
    <package name="src.models">
      <metrics statements="16" coveredstatements="8" conditionals="7" coveredconditionals="2" methods="8" coveredmethods="5"/>
      <file name="accountMap.ts" path="X:\dev\rail-sim-connect\connectors\simrail-multiplayer\src\models\accountMap.ts">
        <metrics statements="16" coveredstatements="8" conditionals="7" coveredconditionals="2" methods="8" coveredmethods="5"/>
        <line num="6" count="1" type="stmt"/>
        <line num="10" count="4" type="stmt"/>
        <line num="14" count="3" type="cond" truecount="0" falsecount="1"/>
        <line num="15" count="0" type="stmt"/>
        <line num="17" count="3" type="stmt"/>
        <line num="21" count="1" type="cond" truecount="0" falsecount="1"/>
        <line num="22" count="0" type="stmt"/>
        <line num="24" count="1" type="stmt"/>
        <line num="28" count="0" type="stmt"/>
        <line num="29" count="0" type="cond" truecount="0" falsecount="1"/>
        <line num="30" count="0" type="stmt"/>
        <line num="32" count="0" type="stmt"/>
        <line num="36" count="2" type="cond" truecount="2" falsecount="0"/>
        <line num="40" count="0" type="cond" truecount="0" falsecount="2"/>
        <line num="44" count="2" type="stmt"/>
        <line num="48" count="0" type="stmt"/>
      </file>
    </package>
    <package name="src.routes">
      <metrics statements="9" coveredstatements="0" conditionals="0" coveredconditionals="0" methods="0" coveredmethods="0"/>
      <file name="idRoutes.ts" path="X:\dev\rail-sim-connect\connectors\simrail-multiplayer\src\routes\idRoutes.ts">
        <metrics statements="9" coveredstatements="0" conditionals="0" coveredconditionals="0" methods="0" coveredmethods="0"/>
        <line num="1" count="0" type="stmt"/>
        <line num="2" count="0" type="stmt"/>
        <line num="3" count="0" type="stmt"/>
        <line num="6" count="0" type="stmt"/>
        <line num="7" count="0" type="stmt"/>
        <line num="8" count="0" type="stmt"/>
        <line num="15" count="0" type="stmt"/>
        <line num="21" count="0" type="stmt"/>
        <line num="23" count="0" type="stmt"/>
      </file>
    </package>
    <package name="src.services">
      <metrics statements="32" coveredstatements="0" conditionals="3" coveredconditionals="0" methods="5" coveredmethods="0"/>
      <file name="apiService.ts" path="X:\dev\rail-sim-connect\connectors\simrail-multiplayer\src\services\apiService.ts">
        <metrics statements="12" coveredstatements="0" conditionals="2" coveredconditionals="0" methods="2" coveredmethods="0"/>
        <line num="1" count="0" type="stmt"/>
        <line num="4" count="0" type="stmt"/>
        <line num="8" count="0" type="stmt"/>
        <line num="9" count="0" type="stmt"/>
        <line num="10" count="0" type="stmt"/>
        <line num="12" count="0" type="cond" truecount="0" falsecount="1"/>
        <line num="13" count="0" type="stmt"/>
        <line num="16" count="0" type="stmt"/>
        <line num="17" count="0" type="stmt"/>
        <line num="18" count="0" type="cond" truecount="0" falsecount="1"/>
        <line num="19" count="0" type="stmt"/>
        <line num="23" count="0" type="stmt"/>
      </file>
      <file name="notificationService.ts" path="X:\dev\rail-sim-connect\connectors\simrail-multiplayer\src\services\notificationService.ts">
        <metrics statements="6" coveredstatements="0" conditionals="0" coveredconditionals="0" methods="1" coveredmethods="0"/>
        <line num="1" count="0" type="stmt"/>
        <line num="3" count="0" type="stmt"/>
        <line num="7" count="0" type="stmt"/>
        <line num="8" count="0" type="stmt"/>
        <line num="12" count="0" type="stmt"/>
        <line num="14" count="0" type="stmt"/>
      </file>
      <file name="rabbitMQService.ts" path="X:\dev\rail-sim-connect\connectors\simrail-multiplayer\src\services\rabbitMQService.ts">
        <metrics statements="14" coveredstatements="0" conditionals="1" coveredconditionals="0" methods="2" coveredmethods="0"/>
        <line num="1" count="0" type="stmt"/>
        <line num="3" count="0" type="stmt"/>
        <line num="5" count="0" type="stmt"/>
        <line num="6" count="0" type="stmt"/>
        <line num="7" count="0" type="stmt"/>
        <line num="8" count="0" type="stmt"/>
        <line num="9" count="0" type="stmt"/>
        <line num="10" count="0" type="stmt"/>
        <line num="12" count="0" type="stmt"/>
        <line num="13" count="0" type="stmt"/>
        <line num="17" count="0" type="stmt"/>
        <line num="18" count="0" type="cond" truecount="0" falsecount="1"/>
        <line num="19" count="0" type="stmt"/>
        <line num="21" count="0" type="stmt"/>
      </file>
    </package>
    <package name="src.utils">
      <metrics statements="10" coveredstatements="0" conditionals="2" coveredconditionals="0" methods="5" coveredmethods="0"/>
      <file name="responseHelper.ts" path="X:\dev\rail-sim-connect\connectors\simrail-multiplayer\src\utils\responseHelper.ts">
        <metrics statements="10" coveredstatements="0" conditionals="2" coveredconditionals="0" methods="5" coveredmethods="0"/>
        <line num="10" count="0" type="stmt"/>
        <line num="15" count="0" type="stmt"/>
        <line num="27" count="0" type="stmt"/>
        <line num="28" count="0" type="stmt"/>
        <line num="37" count="0" type="stmt"/>
        <line num="38" count="0" type="stmt"/>
        <line num="47" count="0" type="stmt"/>
        <line num="48" count="0" type="stmt"/>
        <line num="57" count="0" type="stmt"/>
        <line num="58" count="0" type="stmt"/>
      </file>
    </package>
  </project>
</coverage>
