{"X:\\dev\\rail-sim-connect\\connectors\\simrail-multiplayer\\src\\config.ts": {"path":"X:\\dev\\rail-sim-connect\\connectors\\simrail-multiplayer\\src\\config.ts","statementMap":{"0":{"start":{"line":1,"column":0},"end":{"line":1,"column":28}},"1":{"start":{"line":2,"column":0},"end":{"line":2,"column":24}},"2":{"start":{"line":5,"column":0},"end":{"line":5,"column":16}},"3":{"start":{"line":8,"column":21},"end":{"line":17,"column":2}},"4":{"start":{"line":20,"column":15},"end":{"line":20,"column":50}},"5":{"start":{"line":22,"column":0},"end":{"line":25,"column":1}},"6":{"start":{"line":23,"column":4},"end":{"line":23,"column":67}},"7":{"start":{"line":24,"column":4},"end":{"line":24,"column":20}},"8":{"start":{"line":28,"column":0},"end":{"line":28,"column":27}}},"fnMap":{},"branchMap":{"0":{"loc":{"start":{"line":22,"column":0},"end":{"line":25,"column":1}},"type":"if","locations":[{"start":{"line":22,"column":0},"end":{"line":25,"column":1}}]}},"s":{"0":0,"1":0,"2":0,"3":0,"4":0,"5":0,"6":0,"7":0,"8":0},"f":{},"b":{"0":[0]}}
,"X:\\dev\\rail-sim-connect\\connectors\\simrail-multiplayer\\src\\models\\accountMap.ts": {"path":"X:\\dev\\rail-sim-connect\\connectors\\simrail-multiplayer\\src\\models\\accountMap.ts","statementMap":{"0":{"start":{"line":10,"column":8},"end":{"line":10,"column":29}},"1":{"start":{"line":14,"column":8},"end":{"line":16,"column":9}},"2":{"start":{"line":15,"column":12},"end":{"line":15,"column":71}},"3":{"start":{"line":17,"column":8},"end":{"line":17,"column":74}},"4":{"start":{"line":21,"column":8},"end":{"line":23,"column":9}},"5":{"start":{"line":22,"column":12},"end":{"line":22,"column":71}},"6":{"start":{"line":24,"column":8},"end":{"line":24,"column":35}},"7":{"start":{"line":28,"column":24},"end":{"line":28,"column":47}},"8":{"start":{"line":29,"column":8},"end":{"line":31,"column":9}},"9":{"start":{"line":30,"column":12},"end":{"line":30,"column":71}},"10":{"start":{"line":32,"column":8},"end":{"line":32,"column":38}},"11":{"start":{"line":36,"column":8},"end":{"line":36,"column":63}},"12":{"start":{"line":40,"column":8},"end":{"line":40,"column":57}},"13":{"start":{"line":44,"column":8},"end":{"line":44,"column":39}},"14":{"start":{"line":48,"column":8},"end":{"line":48,"column":43}},"15":{"start":{"line":6,"column":0},"end":{"line":6,"column":13}}},"fnMap":{"0":{"name":"(anonymous_0)","decl":{"start":{"line":9,"column":4},"end":{"line":9,"column":null}},"loc":{"start":{"line":9,"column":4},"end":{"line":11,"column":5}}},"1":{"name":"(anonymous_1)","decl":{"start":{"line":13,"column":4},"end":{"line":13,"column":14}},"loc":{"start":{"line":13,"column":56},"end":{"line":18,"column":5}}},"2":{"name":"(anonymous_2)","decl":{"start":{"line":20,"column":4},"end":{"line":20,"column":17}},"loc":{"start":{"line":20,"column":35},"end":{"line":25,"column":5}}},"3":{"name":"(anonymous_3)","decl":{"start":{"line":27,"column":4},"end":{"line":27,"column":18}},"loc":{"start":{"line":27,"column":36},"end":{"line":33,"column":5}}},"4":{"name":"(anonymous_4)","decl":{"start":{"line":35,"column":4},"end":{"line":35,"column":21}},"loc":{"start":{"line":35,"column":39},"end":{"line":37,"column":5}}},"5":{"name":"(anonymous_5)","decl":{"start":{"line":39,"column":4},"end":{"line":39,"column":15}},"loc":{"start":{"line":39,"column":33},"end":{"line":41,"column":5}}},"6":{"name":"(anonymous_6)","decl":{"start":{"line":43,"column":4},"end":{"line":43,"column":14}},"loc":{"start":{"line":43,"column":32},"end":{"line":45,"column":5}}},"7":{"name":"(anonymous_7)","decl":{"start":{"line":47,"column":4},"end":{"line":47,"column":20}},"loc":{"start":{"line":47,"column":20},"end":{"line":49,"column":5}}}},"branchMap":{"0":{"loc":{"start":{"line":14,"column":8},"end":{"line":16,"column":9}},"type":"if","locations":[{"start":{"line":14,"column":8},"end":{"line":16,"column":9}}]},"1":{"loc":{"start":{"line":21,"column":8},"end":{"line":23,"column":9}},"type":"if","locations":[{"start":{"line":21,"column":8},"end":{"line":23,"column":9}}]},"2":{"loc":{"start":{"line":29,"column":8},"end":{"line":31,"column":9}},"type":"if","locations":[{"start":{"line":29,"column":8},"end":{"line":31,"column":9}}]},"3":{"loc":{"start":{"line":36,"column":15},"end":{"line":36,"column":62}},"type":"binary-expr","locations":[{"start":{"line":36,"column":15},"end":{"line":36,"column":54}},{"start":{"line":36,"column":58},"end":{"line":36,"column":62}}]},"4":{"loc":{"start":{"line":40,"column":15},"end":{"line":40,"column":56}},"type":"binary-expr","locations":[{"start":{"line":40,"column":15},"end":{"line":40,"column":48}},{"start":{"line":40,"column":52},"end":{"line":40,"column":56}}]}},"s":{"0":4,"1":3,"2":0,"3":3,"4":1,"5":0,"6":1,"7":0,"8":0,"9":0,"10":0,"11":2,"12":0,"13":2,"14":0,"15":1},"f":{"0":4,"1":3,"2":1,"3":0,"4":2,"5":0,"6":2,"7":0},"b":{"0":[0],"1":[0],"2":[0],"3":[2,1],"4":[0,0]}}
,"X:\\dev\\rail-sim-connect\\connectors\\simrail-multiplayer\\src\\routes\\idRoutes.ts": {"path":"X:\\dev\\rail-sim-connect\\connectors\\simrail-multiplayer\\src\\routes\\idRoutes.ts","statementMap":{"0":{"start":{"line":1,"column":0},"end":{"line":1,"column":42}},"1":{"start":{"line":2,"column":0},"end":{"line":2,"column":59}},"2":{"start":{"line":3,"column":0},"end":{"line":3,"column":50}},"3":{"start":{"line":6,"column":23},"end":{"line":6,"column":39}},"4":{"start":{"line":7,"column":19},"end":{"line":7,"column":35}},"5":{"start":{"line":8,"column":21},"end":{"line":8,"column":49}},"6":{"start":{"line":15,"column":0},"end":{"line":15,"column":53}},"7":{"start":{"line":21,"column":0},"end":{"line":21,"column":59}},"8":{"start":{"line":23,"column":0},"end":{"line":23,"column":22}}},"fnMap":{},"branchMap":{},"s":{"0":0,"1":0,"2":0,"3":0,"4":0,"5":0,"6":0,"7":0,"8":0},"f":{},"b":{}}
,"X:\\dev\\rail-sim-connect\\connectors\\simrail-multiplayer\\src\\services\\apiService.ts": {"path":"X:\\dev\\rail-sim-connect\\connectors\\simrail-multiplayer\\src\\services\\apiService.ts","statementMap":{"0":{"start":{"line":1,"column":0},"end":{"line":1,"column":26}},"1":{"start":{"line":4,"column":23},"end":{"line":25,"column":1}},"2":{"start":{"line":8,"column":4},"end":{"line":24,"column":5}},"3":{"start":{"line":9,"column":25},"end":{"line":9,"column":48}},"4":{"start":{"line":10,"column":51},"end":{"line":10,"column":64}},"5":{"start":{"line":12,"column":8},"end":{"line":14,"column":9}},"6":{"start":{"line":13,"column":12},"end":{"line":13,"column":60}},"7":{"start":{"line":16,"column":27},"end":{"line":16,"column":56}},"8":{"start":{"line":17,"column":8},"end":{"line":21,"column":11}},"9":{"start":{"line":18,"column":12},"end":{"line":20,"column":13}},"10":{"start":{"line":19,"column":16},"end":{"line":19,"column":53}},"11":{"start":{"line":23,"column":8},"end":{"line":23,"column":51}},"12":{"start":{"line":4,"column":13},"end":{"line":4,"column":23}}},"fnMap":{"0":{"name":"(anonymous_1)","decl":{"start":{"line":4,"column":23},"end":{"line":4,"column":28}},"loc":{"start":{"line":7,"column":19},"end":{"line":25,"column":1}}},"1":{"name":"(anonymous_2)","decl":{"start":{"line":17,"column":21},"end":{"line":17,"column":22}},"loc":{"start":{"line":17,"column":39},"end":{"line":21,"column":9}}}},"branchMap":{"0":{"loc":{"start":{"line":12,"column":8},"end":{"line":14,"column":9}},"type":"if","locations":[{"start":{"line":12,"column":8},"end":{"line":14,"column":9}}]},"1":{"loc":{"start":{"line":18,"column":12},"end":{"line":20,"column":13}},"type":"if","locations":[{"start":{"line":18,"column":12},"end":{"line":20,"column":13}}]}},"s":{"0":0,"1":0,"2":0,"3":0,"4":0,"5":0,"6":0,"7":0,"8":0,"9":0,"10":0,"11":0,"12":0},"f":{"0":0,"1":0},"b":{"0":[0],"1":[0]}}
,"X:\\dev\\rail-sim-connect\\connectors\\simrail-multiplayer\\src\\services\\notificationService.ts": {"path":"X:\\dev\\rail-sim-connect\\connectors\\simrail-multiplayer\\src\\services\\notificationService.ts","statementMap":{"0":{"start":{"line":1,"column":0},"end":{"line":1,"column":26}},"1":{"start":{"line":3,"column":33},"end":{"line":16,"column":1}},"2":{"start":{"line":7,"column":4},"end":{"line":15,"column":5}},"3":{"start":{"line":8,"column":8},"end":{"line":11,"column":11}},"4":{"start":{"line":12,"column":8},"end":{"line":12,"column":79}},"5":{"start":{"line":14,"column":8},"end":{"line":14,"column":62}},"6":{"start":{"line":3,"column":13},"end":{"line":3,"column":33}}},"fnMap":{"0":{"name":"(anonymous_1)","decl":{"start":{"line":3,"column":33},"end":{"line":3,"column":38}},"loc":{"start":{"line":6,"column":19},"end":{"line":16,"column":1}}}},"branchMap":{},"s":{"0":0,"1":0,"2":0,"3":0,"4":0,"5":0,"6":0},"f":{"0":0},"b":{}}
,"X:\\dev\\rail-sim-connect\\connectors\\simrail-multiplayer\\src\\services\\rabbitMQService.ts": {"path":"X:\\dev\\rail-sim-connect\\connectors\\simrail-multiplayer\\src\\services\\rabbitMQService.ts","statementMap":{"0":{"start":{"line":1,"column":0},"end":{"line":1,"column":55}},"1":{"start":{"line":3,"column":30},"end":{"line":3,"column":34}},"2":{"start":{"line":5,"column":29},"end":{"line":15,"column":1}},"3":{"start":{"line":6,"column":4},"end":{"line":14,"column":5}},"4":{"start":{"line":7,"column":39},"end":{"line":7,"column":65}},"5":{"start":{"line":8,"column":8},"end":{"line":8,"column":51}},"6":{"start":{"line":9,"column":8},"end":{"line":9,"column":65}},"7":{"start":{"line":10,"column":8},"end":{"line":10,"column":42}},"8":{"start":{"line":12,"column":8},"end":{"line":12,"column":59}},"9":{"start":{"line":13,"column":8},"end":{"line":13,"column":20}},"10":{"start":{"line":5,"column":13},"end":{"line":5,"column":29}},"11":{"start":{"line":17,"column":27},"end":{"line":22,"column":1}},"12":{"start":{"line":18,"column":4},"end":{"line":20,"column":5}},"13":{"start":{"line":19,"column":8},"end":{"line":19,"column":64}},"14":{"start":{"line":21,"column":4},"end":{"line":21,"column":73}},"15":{"start":{"line":17,"column":13},"end":{"line":17,"column":27}}},"fnMap":{"0":{"name":"(anonymous_1)","decl":{"start":{"line":5,"column":29},"end":{"line":5,"column":34}},"loc":{"start":{"line":5,"column":85},"end":{"line":15,"column":1}}},"1":{"name":"(anonymous_2)","decl":{"start":{"line":17,"column":27},"end":{"line":17,"column":28}},"loc":{"start":{"line":17,"column":72},"end":{"line":22,"column":1}}}},"branchMap":{"0":{"loc":{"start":{"line":18,"column":4},"end":{"line":20,"column":5}},"type":"if","locations":[{"start":{"line":18,"column":4},"end":{"line":20,"column":5}}]}},"s":{"0":0,"1":0,"2":0,"3":0,"4":0,"5":0,"6":0,"7":0,"8":0,"9":0,"10":0,"11":0,"12":0,"13":0,"14":0,"15":0},"f":{"0":0,"1":0},"b":{"0":[0]}}
,"X:\\dev\\rail-sim-connect\\connectors\\simrail-multiplayer\\src\\utils\\responseHelper.ts": {"path":"X:\\dev\\rail-sim-connect\\connectors\\simrail-multiplayer\\src\\utils\\responseHelper.ts","statementMap":{"0":{"start":{"line":10,"column":28},"end":{"line":19,"column":1}},"1":{"start":{"line":15,"column":4},"end":{"line":18,"column":7}},"2":{"start":{"line":10,"column":13},"end":{"line":10,"column":28}},"3":{"start":{"line":27,"column":27},"end":{"line":29,"column":1}},"4":{"start":{"line":28,"column":4},"end":{"line":28,"column":36}},"5":{"start":{"line":27,"column":13},"end":{"line":27,"column":27}},"6":{"start":{"line":37,"column":27},"end":{"line":39,"column":1}},"7":{"start":{"line":38,"column":4},"end":{"line":38,"column":36}},"8":{"start":{"line":37,"column":13},"end":{"line":37,"column":27}},"9":{"start":{"line":47,"column":30},"end":{"line":49,"column":1}},"10":{"start":{"line":48,"column":4},"end":{"line":48,"column":36}},"11":{"start":{"line":47,"column":13},"end":{"line":47,"column":30}},"12":{"start":{"line":57,"column":31},"end":{"line":59,"column":1}},"13":{"start":{"line":58,"column":4},"end":{"line":58,"column":36}},"14":{"start":{"line":57,"column":13},"end":{"line":57,"column":31}}},"fnMap":{"0":{"name":"(anonymous_0)","decl":{"start":{"line":10,"column":28},"end":{"line":10,"column":null}},"loc":{"start":{"line":14,"column":10},"end":{"line":19,"column":1}}},"1":{"name":"(anonymous_1)","decl":{"start":{"line":27,"column":27},"end":{"line":27,"column":28}},"loc":{"start":{"line":27,"column":77},"end":{"line":29,"column":1}}},"2":{"name":"(anonymous_2)","decl":{"start":{"line":37,"column":27},"end":{"line":37,"column":28}},"loc":{"start":{"line":37,"column":77},"end":{"line":39,"column":1}}},"3":{"name":"(anonymous_3)","decl":{"start":{"line":47,"column":30},"end":{"line":47,"column":31}},"loc":{"start":{"line":47,"column":71},"end":{"line":49,"column":1}}},"4":{"name":"(anonymous_4)","decl":{"start":{"line":57,"column":31},"end":{"line":57,"column":32}},"loc":{"start":{"line":57,"column":72},"end":{"line":59,"column":1}}}},"branchMap":{"0":{"loc":{"start":{"line":16,"column":16},"end":{"line":16,"column":54}},"type":"cond-expr","locations":[{"start":{"line":16,"column":35},"end":{"line":16,"column":44}},{"start":{"line":16,"column":47},"end":{"line":16,"column":54}}]}},"s":{"0":0,"1":0,"2":0,"3":0,"4":0,"5":0,"6":0,"7":0,"8":0,"9":0,"10":0,"11":0,"12":0,"13":0,"14":0},"f":{"0":0,"1":0,"2":0,"3":0,"4":0},"b":{"0":[0,0]}}
}
